<?xml version="1.0" encoding="UTF-8"?>
<!-- Generated by org.testng.reporters.JUnitReportReporter -->
<testsuite hostname="DESKTOP-TJGR0V3" failures="0" tests="1" name="com.webshop.qa.TestCases.LoginTest" time="51.288" errors="0" timestamp="2022-05-07T10:13:16 IST" skipped="0">
  <testcase classname="com.webshop.qa.TestCases.LoginTest" name="logintest" time="51.288"/>
  <system-out/>
</testsuite> <!-- com.webshop.qa.TestCases.LoginTest -->
